2022-03-18 04:53:15 - [INFO] - {{EXTRACTING FILES}} Extracting compressed files in: /home/krishna/Z_submit
2022-03-18 04:53:15 - [INFO] - {{Project Type Info}} analog
2022-03-18 04:53:15 - [INFO] - {{Project GDS Info}} user_analog_project_wrapper: a523d1ac8d968bb504f0cc4b70c3c4b5742c0474
2022-03-18 04:53:15 - [INFO] - {{Tools Info}} KLayout: v0.27.8 | Magic: v8.3.274
2022-03-18 04:53:15 - [INFO] - {{PDKs Info}} Open PDKs: a3d6ffea8022332b859daa454cef7ee7131c5181 | Skywater PDK: f70d8ca46961ff92719d8870a18a076370b85f6c
2022-03-18 04:53:15 - [INFO] - {{START}} Precheck Started, the full log 'precheck.log' will be located in '/home/krishna/Z_submit/precheck_results/18_MAR_2022___04_53_15/logs'
2022-03-18 04:53:15 - [INFO] - {{PRECHECK SEQUENCE}} Precheck will run the following checks: [License, Makefile, Default, Documentation, Consistency, XOR, Magic DRC, Klayout FEOL, Klayout BEOL, Klayout Offgrid, Klayout Metal Minimum Clear Area Density, Klayout Pin Label Purposes Overlapping Drawing, Klayout ZeroArea]
2022-03-18 04:53:15 - [INFO] - {{STEP UPDATE}} Executing Check 1 of 13: License
2022-03-18 04:53:16 - [INFO] - An approved LICENSE (Apache-2.0) was found in /home/krishna/Z_submit.
2022-03-18 04:53:16 - [INFO] - {{MAIN LICENSE CHECK PASSED}} An approved LICENSE was found in project root.
2022-03-18 04:53:16 - [INFO] - {{SUBMODULES LICENSE CHECK PASSED}} No prohibited LICENSE file(s) was found in project submodules
2022-03-18 04:53:16 - [ERROR] - SPDX COMPLIANCE FILE UNICODE DECODE EXCEPTION in (/home/krishna/Z_submit/mag/myinv_layout2/PLS_INV1.raw): 'utf-8' codec can't decode byte 0x84 in position 990: invalid start byte
2022-03-18 04:53:16 - [ERROR] - SPDX COMPLIANCE SYMLINK FILE NOT FOUND in /home/krishna/Z_submit/openlane/Makefile
2022-03-18 04:53:16 - [WARNING] - {{SPDX COMPLIANCE CHECK FAILED}} Found 102 non-compliant file(s) with the SPDX Standard.
2022-03-18 04:53:16 - [INFO] - SPDX COMPLIANCE: NON-COMPLIANT FILE(S) PREVIEW: ['/home/krishna/Z_submit/Makefile', '/home/krishna/Z_submit/verilog/dv/Makefile', '/home/krishna/Z_submit/verilog/dv/mprj_por/mprj_por.c', '/home/krishna/Z_submit/verilog/dv/mprj_por/mprj_por_tb.v', '/home/krishna/Z_submit/verilog/dv/mprj_por/Makefile', '/home/krishna/Z_submit/verilog/rtl/uprj_analog_netlists.v', '/home/krishna/Z_submit/verilog/rtl/example_por.v', '/home/krishna/Z_submit/verilog/rtl/user_analog_proj_example.v', '/home/krishna/Z_submit/verilog/rtl/user_analog_project_wrapper.v', '/home/krishna/Z_submit/verilog/rtl/comparator.v', '/home/krishna/Z_submit/precheck_results/18_MAR_2022___04_34_25/outputs/reports/magic_drc_check.drc.report', '/home/krishna/Z_submit/precheck_results/18_MAR_2022___04_34_25/logs/klayout_zeroarea_check.total', '/home/krishna/Z_submit/precheck_results/18_MAR_2022___04_34_25/logs/tools.info', '/home/krishna/Z_submit/precheck_results/18_MAR_2022___04_34_25/logs/klayout_beol_check.total', '/home/krishna/Z_submit/precheck_results/18_MAR_2022___04_34_25/logs/klayout_pin_label_purposes_overlapping_drawing_check.total']
2022-03-18 04:53:16 - [INFO] - For the full SPDX compliance report check: /home/krishna/Z_submit/precheck_results/18_MAR_2022___04_53_15/logs/spdx_compliance_report.log
2022-03-18 04:53:16 - [INFO] - {{STEP UPDATE}} Executing Check 2 of 13: Makefile
2022-03-18 04:53:16 - [INFO] - {{MAKEFILE CHECK PASSED}} Makefile valid.
2022-03-18 04:53:16 - [INFO] - {{STEP UPDATE}} Executing Check 3 of 13: Default
2022-03-18 04:53:16 - [INFO] - {{README DEFAULT CHECK PASSED}} Project 'README.md' was modified and is not identical to the default 'README.md'
2022-03-18 04:53:16 - [INFO] - {{CONTENT DEFAULT CHECK PASSED}} Project 'gds' was modified and is not identical to the default 'gds'
2022-03-18 04:53:16 - [INFO] - {{STEP UPDATE}} Executing Check 4 of 13: Documentation
2022-03-18 04:53:16 - [INFO] - {{DOCUMENTATION CHECK PASSED}} Project documentation is appropriate.
2022-03-18 04:53:16 - [INFO] - {{STEP UPDATE}} Executing Check 5 of 13: Consistency
2022-03-18 04:53:18 - [INFO] - HIERARCHY CHECK PASSED: Module user_analog_project_wrapper is instantiated in caravan. 
2022-03-18 04:53:18 - [INFO] - COMPLEXITY CHECK PASSED: Netlist caravan contains at least 8 instances (68 instances). 
2022-03-18 04:53:18 - [INFO] - MODELING CHECK PASSED: Netlist caravan is structural.
2022-03-18 04:53:18 - [INFO] - SUBMODULE HOOKS CHECK PASSED: All module ports for user_analog_project_wrapper are correctly connected in the top level netlist caravan.
2022-03-18 04:53:18 - [INFO] - {{NETLIST CONSISTENCY CHECK PASSED}} caravan netlist passed all consistency checks.
2022-03-18 04:53:18 - [WARNING] - PORTS CHECK FAILED: user_analog_project_wrapper ports do not match the golden wrapper ports. Mismatching ports are : ['io_clamp_high[1]', 'io_clamp_high[2]', 'io_clamp_low[1]', 'io_clamp_low[2]']
2022-03-18 04:53:18 - [INFO] - COMPLEXITY CHECK PASSED: Netlist user_analog_project_wrapper contains at least 1 instances (7 instances). 
2022-03-18 04:53:18 - [INFO] - MODELING CHECK PASSED: Netlist user_analog_project_wrapper is structural.
2022-03-18 04:53:18 - [WARNING] - LAYOUT CHECK FAILED: The GDS layout for user_analog_project_wrapper doesn't match the provided structural netlist. Mismatching modules are: ['buffer_2#1']
2022-03-18 04:53:18 - [WARNING] - {{NETLIST CONSISTENCY CHECK FAILED}} user_analog_project_wrapper netlist failed 2 consistency check(s): ['PORTS', 'LAYOUT'].
2022-03-18 04:53:18 - [WARNING] - {{CONSISTENCY CHECK FAILED}} The user netlist and the top netlist are not valid.
2022-03-18 04:53:18 - [INFO] - {{STEP UPDATE}} Executing Check 6 of 13: XOR
2022-03-18 04:53:19 - [ERROR] - XOR CHECK FILE NOT FOUND in /home/krishna/Z_submit/precheck_results/18_MAR_2022___04_53_15/logs/xor_check.total
2022-03-18 04:53:19 - [WARNING] - {{XOR CHECK FAILED}} The GDS file has non-conforming geometries.
2022-03-18 04:53:19 - [INFO] - {{STEP UPDATE}} Executing Check 7 of 13: Magic DRC
2022-03-18 04:53:19 - [INFO] - 0 DRC violations
2022-03-18 04:53:19 - [INFO] - {{MAGIC DRC CHECK PASSED}} The GDS file, user_analog_project_wrapper.gds, has no DRC violations.
2022-03-18 04:53:19 - [INFO] - {{STEP UPDATE}} Executing Check 8 of 13: Klayout FEOL
2022-03-18 04:53:22 - [INFO] - No DRC Violations found
2022-03-18 04:53:22 - [INFO] - {{Klayout FEOL CHECK PASSED}} The GDS file, user_analog_project_wrapper.gds, has no DRC violations.
2022-03-18 04:53:22 - [INFO] - {{STEP UPDATE}} Executing Check 9 of 13: Klayout BEOL
2022-03-18 04:53:26 - [INFO] - No DRC Violations found
2022-03-18 04:53:26 - [INFO] - {{Klayout BEOL CHECK PASSED}} The GDS file, user_analog_project_wrapper.gds, has no DRC violations.
2022-03-18 04:53:26 - [INFO] - {{STEP UPDATE}} Executing Check 10 of 13: Klayout Offgrid
2022-03-18 04:53:28 - [INFO] - No DRC Violations found
2022-03-18 04:53:28 - [INFO] - {{Klayout Offgrid CHECK PASSED}} The GDS file, user_analog_project_wrapper.gds, has no DRC violations.
2022-03-18 04:53:28 - [INFO] - {{STEP UPDATE}} Executing Check 11 of 13: Klayout Metal Minimum Clear Area Density
2022-03-18 04:53:29 - [INFO] - No DRC Violations found
2022-03-18 04:53:29 - [INFO] - {{Klayout Metal Minimum Clear Area Density CHECK PASSED}} The GDS file, user_analog_project_wrapper.gds, has no DRC violations.
2022-03-18 04:53:29 - [INFO] - {{STEP UPDATE}} Executing Check 12 of 13: Klayout Pin Label Purposes Overlapping Drawing
2022-03-18 04:53:31 - [INFO] - No DRC Violations found
2022-03-18 04:53:31 - [INFO] - {{Klayout Pin Label Purposes Overlapping Drawing CHECK PASSED}} The GDS file, user_analog_project_wrapper.gds, has no DRC violations.
2022-03-18 04:53:31 - [INFO] - {{STEP UPDATE}} Executing Check 13 of 13: Klayout ZeroArea
2022-03-18 04:53:31 - [INFO] - No DRC Violations found
2022-03-18 04:53:31 - [INFO] - {{Klayout ZeroArea CHECK PASSED}} The GDS file, user_analog_project_wrapper.gds, has no DRC violations.
2022-03-18 04:53:31 - [INFO] - {{FINISH}} Executing Finished, the full log 'precheck.log' can be found in '/home/krishna/Z_submit/precheck_results/18_MAR_2022___04_53_15/logs'
2022-03-18 04:53:31 - [CRITICAL] - {{FAILURE}} 2 Check(s) Failed: ['Consistency', 'XOR'] !!!
