/home/krishna/Z_submit/Makefile
/home/krishna/Z_submit/verilog/dv/Makefile
/home/krishna/Z_submit/verilog/dv/mprj_por/mprj_por.c
/home/krishna/Z_submit/verilog/dv/mprj_por/mprj_por_tb.v
/home/krishna/Z_submit/verilog/dv/mprj_por/Makefile
/home/krishna/Z_submit/verilog/rtl/uprj_analog_netlists.v
/home/krishna/Z_submit/verilog/rtl/example_por.v
/home/krishna/Z_submit/verilog/rtl/user_analog_proj_example.v
/home/krishna/Z_submit/verilog/rtl/user_analog_project_wrapper.v
/home/krishna/Z_submit/verilog/rtl/comparator.v
/home/krishna/Z_submit/precheck_results/18_MAR_2022___05_10_50/outputs/reports/magic_drc_check.drc.report
/home/krishna/Z_submit/precheck_results/18_MAR_2022___05_10_50/logs/klayout_zeroarea_check.total
/home/krishna/Z_submit/precheck_results/18_MAR_2022___05_10_50/logs/tools.info
/home/krishna/Z_submit/precheck_results/18_MAR_2022___05_10_50/logs/klayout_beol_check.total
/home/krishna/Z_submit/precheck_results/18_MAR_2022___05_10_50/logs/klayout_pin_label_purposes_overlapping_drawing_check.total
/home/krishna/Z_submit/precheck_results/18_MAR_2022___05_10_50/logs/klayout_feol_check.total
/home/krishna/Z_submit/precheck_results/18_MAR_2022___05_10_50/logs/gds.info
/home/krishna/Z_submit/precheck_results/18_MAR_2022___05_10_50/logs/pdks.info
/home/krishna/Z_submit/precheck_results/18_MAR_2022___05_10_50/logs/magic_drc_check.total
/home/krishna/Z_submit/precheck_results/18_MAR_2022___05_10_50/logs/klayout_offgrid_check.total
/home/krishna/Z_submit/precheck_results/18_MAR_2022___05_10_50/logs/klayout_met_min_ca_density_check.total
/home/krishna/Z_submit/precheck_results/18_MAR_2022___11_35_41/logs/tools.info
/home/krishna/Z_submit/precheck_results/18_MAR_2022___11_35_41/logs/gds.info
/home/krishna/Z_submit/precheck_results/18_MAR_2022___11_35_41/logs/pdks.info
/home/krishna/Z_submit/precheck_results/18_MAR_2022___05_01_55/outputs/reports/magic_drc_check.drc.report
/home/krishna/Z_submit/precheck_results/18_MAR_2022___05_01_55/logs/klayout_zeroarea_check.total
/home/krishna/Z_submit/precheck_results/18_MAR_2022___05_01_55/logs/tools.info
/home/krishna/Z_submit/precheck_results/18_MAR_2022___05_01_55/logs/klayout_beol_check.total
/home/krishna/Z_submit/precheck_results/18_MAR_2022___05_01_55/logs/klayout_pin_label_purposes_overlapping_drawing_check.total
/home/krishna/Z_submit/precheck_results/18_MAR_2022___05_01_55/logs/klayout_feol_check.total
/home/krishna/Z_submit/precheck_results/18_MAR_2022___05_01_55/logs/gds.info
/home/krishna/Z_submit/precheck_results/18_MAR_2022___05_01_55/logs/pdks.info
/home/krishna/Z_submit/precheck_results/18_MAR_2022___05_01_55/logs/magic_drc_check.total
/home/krishna/Z_submit/precheck_results/18_MAR_2022___05_01_55/logs/klayout_offgrid_check.total
/home/krishna/Z_submit/precheck_results/18_MAR_2022___05_01_55/logs/klayout_met_min_ca_density_check.total
/home/krishna/Z_submit/precheck_results/18_MAR_2022___04_34_25/outputs/reports/magic_drc_check.drc.report
/home/krishna/Z_submit/precheck_results/18_MAR_2022___04_34_25/logs/klayout_zeroarea_check.total
/home/krishna/Z_submit/precheck_results/18_MAR_2022___04_34_25/logs/tools.info
/home/krishna/Z_submit/precheck_results/18_MAR_2022___04_34_25/logs/klayout_beol_check.total
/home/krishna/Z_submit/precheck_results/18_MAR_2022___04_34_25/logs/klayout_pin_label_purposes_overlapping_drawing_check.total
/home/krishna/Z_submit/precheck_results/18_MAR_2022___04_34_25/logs/klayout_feol_check.total
/home/krishna/Z_submit/precheck_results/18_MAR_2022___04_34_25/logs/gds.info
/home/krishna/Z_submit/precheck_results/18_MAR_2022___04_34_25/logs/pdks.info
/home/krishna/Z_submit/precheck_results/18_MAR_2022___04_34_25/logs/magic_drc_check.total
/home/krishna/Z_submit/precheck_results/18_MAR_2022___04_34_25/logs/klayout_offgrid_check.total
/home/krishna/Z_submit/precheck_results/18_MAR_2022___04_34_25/logs/klayout_met_min_ca_density_check.total
/home/krishna/Z_submit/precheck_results/18_MAR_2022___04_22_51/outputs/reports/magic_drc_check.drc.report
/home/krishna/Z_submit/precheck_results/18_MAR_2022___04_22_51/logs/klayout_zeroarea_check.total
/home/krishna/Z_submit/precheck_results/18_MAR_2022___04_22_51/logs/tools.info
/home/krishna/Z_submit/precheck_results/18_MAR_2022___04_22_51/logs/klayout_beol_check.total
/home/krishna/Z_submit/precheck_results/18_MAR_2022___04_22_51/logs/klayout_pin_label_purposes_overlapping_drawing_check.total
/home/krishna/Z_submit/precheck_results/18_MAR_2022___04_22_51/logs/klayout_feol_check.total
/home/krishna/Z_submit/precheck_results/18_MAR_2022___04_22_51/logs/gds.info
/home/krishna/Z_submit/precheck_results/18_MAR_2022___04_22_51/logs/magic_drc_check.total
/home/krishna/Z_submit/precheck_results/18_MAR_2022___04_22_51/logs/klayout_offgrid_check.total
/home/krishna/Z_submit/precheck_results/18_MAR_2022___04_22_51/logs/klayout_met_min_ca_density_check.total
/home/krishna/Z_submit/precheck_results/18_MAR_2022___04_53_15/outputs/reports/magic_drc_check.drc.report
/home/krishna/Z_submit/precheck_results/18_MAR_2022___04_53_15/logs/klayout_zeroarea_check.total
/home/krishna/Z_submit/precheck_results/18_MAR_2022___04_53_15/logs/tools.info
/home/krishna/Z_submit/precheck_results/18_MAR_2022___04_53_15/logs/klayout_beol_check.total
/home/krishna/Z_submit/precheck_results/18_MAR_2022___04_53_15/logs/klayout_pin_label_purposes_overlapping_drawing_check.total
/home/krishna/Z_submit/precheck_results/18_MAR_2022___04_53_15/logs/klayout_feol_check.total
/home/krishna/Z_submit/precheck_results/18_MAR_2022___04_53_15/logs/gds.info
/home/krishna/Z_submit/precheck_results/18_MAR_2022___04_53_15/logs/pdks.info
/home/krishna/Z_submit/precheck_results/18_MAR_2022___04_53_15/logs/magic_drc_check.total
/home/krishna/Z_submit/precheck_results/18_MAR_2022___04_53_15/logs/klayout_offgrid_check.total
/home/krishna/Z_submit/precheck_results/18_MAR_2022___04_53_15/logs/klayout_met_min_ca_density_check.total
/home/krishna/Z_submit/mag/sky130_fd_pr__pfet_01v8_AC5Z8B#0.ext
/home/krishna/Z_submit/mag/compaartor_v4.ext
/home/krishna/Z_submit/mag/inv_W2.ext
/home/krishna/Z_submit/mag/sky130_fd_pr__diode_pw2nd_05v5_KLAK3C.ext
/home/krishna/Z_submit/mag/sky130_fd_pr__diode_pw2nd_05v5_FT7GK8.ext
/home/krishna/Z_submit/mag/inv_W2#0.ext
/home/krishna/Z_submit/mag/.magicrc
/home/krishna/Z_submit/mag/sky130_fd_pr__nfet_01v8_XJTKXQ#1.ext
/home/krishna/Z_submit/mag/comparator_v5.ext
/home/krishna/Z_submit/mag/sky130_fd_pr__nfet_01v8_XJTKXQ.ext
/home/krishna/Z_submit/mag/sky130_fd_pr__pfet_01v8_AC5Z8B.ext
/home/krishna/Z_submit/mag/buffer_2#1.ext
/home/krishna/Z_submit/mag/buffer_1#0.ext
/home/krishna/Z_submit/mag/user_analog_project_wrapper.ext
/home/krishna/Z_submit/mag/comparator_v2.ext
/home/krishna/Z_submit/mag/comparator_v3.ext
/home/krishna/Z_submit/mag/buffer_2#0.ext
/home/krishna/Z_submit/mag/myinv_layout2/inv_W2.ext
/home/krishna/Z_submit/mag/myinv_layout2/sky130_fd_pr__nfet_01v8_VJWT33.ext
/home/krishna/Z_submit/mag/myinv_layout2/sky130_fd_pr__nfet_01v8_7RYEVP.ext
/home/krishna/Z_submit/mag/myinv_layout2/sky130_fd_pr__pfet_01v8_RL4NCG.ext
/home/krishna/Z_submit/mag/myinv_layout2/sky130_fd_pr__nfet_01v8_KZU588.ext
/home/krishna/Z_submit/mag/myinv_layout2/inv.ext
/home/krishna/Z_submit/mag/myinv_layout2/buffer_1.ext
/home/krishna/Z_submit/mag/myinv_layout2/nmos_1u.ext
/home/krishna/Z_submit/mag/myinv_layout2/sky130_fd_pr__pfet_01v8_5YYKDE.ext
/home/krishna/Z_submit/mag/myinv_layout2/pmos_2uf2.ext
/home/krishna/Z_submit/mag/myinv_layout2/sky130A.magicrc
/home/krishna/Z_submit/mag/myinv_layout2/sky130_fd_pr__pfet_01v8_3M44SC.ext
/home/krishna/Z_submit/mag/myinv_layout2/buffer_2.ext
/home/krishna/Z_submit/mag/myinv_layout2/inv_W8.ext
/home/krishna/Z_submit/mag/myinv_layout2/buffer_sample_lay.ext
/home/krishna/Z_submit/mag/myinv_layout2/sky130_fd_pr__nfet_01v8_XJTKXQ.ext
/home/krishna/Z_submit/mag/myinv_layout2/sky130_fd_pr__nfet_01v8_QQ4XG9.ext
/home/krishna/Z_submit/mag/myinv_layout2/sky130_fd_pr__pfet_01v8_AC5Z8B.ext
/home/krishna/Z_submit/mag/myinv_layout2/inv_W1.ext
/home/krishna/Z_submit/mag/myinv_layout2/.spiceinit
/home/krishna/Z_submit/mag/myinv_layout2/buffer_12.ext
/home/krishna/Z_submit/mag/myinv_layout2/inv_W16.ext
/home/krishna/Z_submit/mag/latch/SR_latch.ext
/home/krishna/Z_submit/mag/latch/sky130A.magicrc
/home/krishna/Z_submit/mag/latch/sky130_fd_pr__pfet_01v8_AC5E9B.ext
/home/krishna/Z_submit/mag/latch/sky130_fd_pr__nfet_01v8_F5U58G.ext
/home/krishna/Z_submit/mag/latch/latch_2.ext
/home/krishna/Z_submit/mag/latch/sky130_fd_pr__pfet_01v8_5SVZDE.ext
/home/krishna/Z_submit/mag/preamp/sky130_fd_pr__nfet_01v8_G6PLX8.ext
/home/krishna/Z_submit/mag/preamp/preamp_part1.ext
/home/krishna/Z_submit/mag/preamp/preamp_part2.ext
/home/krishna/Z_submit/mag/preamp/sky130_fd_pr__nfet_01v8_XJTKXQ#0.ext
/home/krishna/Z_submit/mag/preamp/sky130_fd_pr__nfet_01v8_F5U58G#1.ext
/home/krishna/Z_submit/mag/preamp/.magicrc
/home/krishna/Z_submit/mag/preamp/sky130_fd_pr__pfet_01v8_RFM3CD.ext
/home/krishna/Z_submit/mag/preamp/sky130_fd_pr__nfet_01v8_8FHE5N.ext
/home/krishna/Z_submit/mag/preamp/sky130_fd_pr__nfet_01v8_F5U58G#0.ext
/home/krishna/Z_submit/xschem/xschemrc
/home/krishna/Z_submit/xschem/user_analog_project_wrapper.sym
/home/krishna/Z_submit/xschem/comparator.sch
/home/krishna/Z_submit/xschem/comparator.sym
/home/krishna/Z_submit/xschem/analog_wrapper_tb.sch
/home/krishna/Z_submit/xschem/user_analog_project_wrapper.sch
/home/krishna/Z_submit/xschem/comparator_tb.sch
/home/krishna/Z_submit/docs/Makefile
/home/krishna/Z_submit/docs/environment.yml
/home/krishna/Z_submit/docs/source/conf.py
/home/krishna/Z_submit/docs/source/index.rst
/home/krishna/Z_submit/netgen/run_lvs_wrapper_verilog.sh
/home/krishna/Z_submit/netgen/run_lvs_por.sh
/home/krishna/Z_submit/netgen/run_lvs_wrapper_xschem.sh
